Hi_Code/build/outputs/apk/manifest-merger-debug-report.txt
-- Merging decision tree log ---
manifest
ADDED from AndroidManifest.xml:2:1
	xmlns:tools
		ADDED from AndroidManifest.xml:3:5
	xmlns:android
		ADDED from AndroidManifest.xml:2:11
	package
		ADDED from AndroidManifest.xml:4:5
	android:versionName
		ADDED from AndroidManifest.xml:6:5
	android:versionCode
		ADDED from AndroidManifest.xml:5:5
		INJECTED from AndroidManifest.xml:0:0
		INJECTED from AndroidManifest.xml:0:0
uses-sdk
ADDED from AndroidManifest.xml:8:5
MERGED from com.android.support:appcompat-v7:21.0.2:15:5
MERGED from kaixinguo:UtilsLibrary:unspecified:7:5
MERGED from kaixinguo:CustomViewLibrary:unspecified:7:5
MERGED from kaixinguo:SMSSDK:unspecified:7:5
MERGED from kaixinguo:ExpandListLibrary:unspecified:7:5
MERGED from kaixinguo:circleimageview:unspecified:5:5
MERGED from kaixinguo:TagView:unspecified:7:5
	android:targetSdkVersion
		ADDED from kaixinguo:UtilsLibrary:unspecified:9:9
	android:minSdkVersion
		ADDED from AndroidManifest.xml:8:15
uses-permission#android.permission.INTERNET
ADDED from AndroidManifest.xml:10:5
	android:name
		ADDED from AndroidManifest.xml:10:22
uses-permission#android.permission.WAKE_LOCK
ADDED from AndroidManifest.xml:11:5
	android:name
		ADDED from AndroidManifest.xml:11:22
uses-permission#android.permission.WRITE_SETTINGS
ADDED from AndroidManifest.xml:12:5
	android:name
		ADDED from AndroidManifest.xml:12:22
uses-permission#android.permission.VIBRATE
ADDED from AndroidManifest.xml:14:5
	android:name
		ADDED from AndroidManifest.xml:14:22
uses-permission#android.permission.READ_EXTERNAL_STORAGE
ADDED from AndroidManifest.xml:15:5
	android:name
		ADDED from AndroidManifest.xml:15:22
uses-permission#android.permission.READ_CONTACTS
ADDED from AndroidManifest.xml:16:5
	android:name
		ADDED from AndroidManifest.xml:16:22
uses-permission#android.permission.ACCESS_COARSE_LOCATION
ADDED from AndroidManifest.xml:19:5
	android:name
		ADDED from AndroidManifest.xml:19:22
uses-permission#android.permission.ACCESS_FINE_LOCATION
ADDED from AndroidManifest.xml:21:5
	android:name
		ADDED from AndroidManifest.xml:21:22
uses-permission#android.permission.ACCESS_WIFI_STATE
ADDED from AndroidManifest.xml:23:5
	android:name
		ADDED from AndroidManifest.xml:23:22
uses-permission#android.permission.ACCESS_NETWORK_STATE
ADDED from AndroidManifest.xml:25:5
	android:name
		ADDED from AndroidManifest.xml:25:22
uses-permission#android.permission.CHANGE_WIFI_STATE
ADDED from AndroidManifest.xml:27:5
	android:name
		ADDED from AndroidManifest.xml:27:22
uses-permission#android.permission.READ_PHONE_STATE
ADDED from AndroidManifest.xml:29:5
	android:name
		ADDED from AndroidManifest.xml:29:22
uses-permission#android.permission.WRITE_EXTERNAL_STORAGE
ADDED from AndroidManifest.xml:31:5
	android:name
		ADDED from AndroidManifest.xml:31:22
uses-permission#android.permission.MOUNT_UNMOUNT_FILESYSTEMS
ADDED from AndroidManifest.xml:34:5
	android:name
		ADDED from AndroidManifest.xml:34:22
uses-permission#android.permission.READ_LOGS
ADDED from AndroidManifest.xml:36:5
	android:name
		ADDED from AndroidManifest.xml:36:22
uses-permission#android.permission.GET_TASKS
ADDED from AndroidManifest.xml:39:5
	android:name
		ADDED from AndroidManifest.xml:39:22
uses-permission#android.permission.RECEIVE_BOOT_COMPLETED
ADDED from AndroidManifest.xml:40:5
	android:name
		ADDED from AndroidManifest.xml:40:22
uses-permission#android.permission.RUN_INSTRUMENTATION
ADDED from AndroidManifest.xml:41:5
	android:name
		ADDED from AndroidManifest.xml:41:22
application
ADDED from AndroidManifest.xml:43:5
MERGED from com.android.support:appcompat-v7:21.0.2:16:5
MERGED from kaixinguo:UtilsLibrary:unspecified:27:5
MERGED from kaixinguo:CustomViewLibrary:unspecified:18:5
MERGED from kaixinguo:SMSSDK:unspecified:11:5
MERGED from kaixinguo:ExpandListLibrary:unspecified:9:5
MERGED from kaixinguo:circleimageview:unspecified:9:5
MERGED from kaixinguo:TagView:unspecified:27:5
	android:allowBackup
		ADDED from kaixinguo:SMSSDK:unspecified:11:18
	android:label
		ADDED from AndroidManifest.xml:46:9
	android:icon
		ADDED from AndroidManifest.xml:45:9
	android:theme
		ADDED from AndroidManifest.xml:47:9
	tools:replace
		ADDED from AndroidManifest.xml:48:9
	android:name
		ADDED from AndroidManifest.xml:44:9
activity#com.hi.module.base.application.FirstActivity
ADDED from AndroidManifest.xml:57:9
	android:windowSoftInputMode
		ADDED from AndroidManifest.xml:63:13
	android:configChanges
		ADDED from AndroidManifest.xml:59:13
	android:theme
		ADDED from AndroidManifest.xml:62:13
	android:excludeFromRecents
		ADDED from AndroidManifest.xml:60:13
	android:taskAffinity
		ADDED from AndroidManifest.xml:61:13
	android:name
		ADDED from AndroidManifest.xml:58:13
intent-filter#android.intent.action.MAIN+android.intent.category.LAUNCHER
ADDED from AndroidManifest.xml:64:13
action#android.intent.action.MAIN
ADDED from AndroidManifest.xml:65:17
	android:name
		ADDED from AndroidManifest.xml:65:25
category#android.intent.category.LAUNCHER
ADDED from AndroidManifest.xml:67:17
	android:name
		ADDED from AndroidManifest.xml:67:27
intent-filter#android.intent.action.CREATE_SHORTCUT
ADDED from AndroidManifest.xml:69:13
action#android.intent.action.CREATE_SHORTCUT
ADDED from AndroidManifest.xml:70:17
	android:name
		ADDED from AndroidManifest.xml:70:25
activity#com.hi.module.register_login.ui.AppStartActivity
ADDED from AndroidManifest.xml:73:9
	android:excludeFromRecents
		ADDED from AndroidManifest.xml:75:13
	android:name
		ADDED from AndroidManifest.xml:74:13
activity#com.hi.module.base.application.TabBarActivity
ADDED from AndroidManifest.xml:78:9
	android:windowSoftInputMode
		ADDED from AndroidManifest.xml:81:13
	android:name
		ADDED from AndroidManifest.xml:79:13
	android:launchMode
		ADDED from AndroidManifest.xml:80:13
activity#com.hi.module.register_login.ui.SSOLoginActivity
ADDED from AndroidManifest.xml:85:9
	android:name
		ADDED from AndroidManifest.xml:85:19
activity#com.hi.module.register_login.ui.RegiPhoneActivity
ADDED from AndroidManifest.xml:87:9
	android:windowSoftInputMode
		ADDED from AndroidManifest.xml:90:13
	android:screenOrientation
		ADDED from AndroidManifest.xml:89:13
	android:name
		ADDED from AndroidManifest.xml:88:13
activity#com.hi.module.register_login.ui.SubmitAuthActivity
ADDED from AndroidManifest.xml:92:9
	android:windowSoftInputMode
		ADDED from AndroidManifest.xml:95:13
	android:screenOrientation
		ADDED from AndroidManifest.xml:94:13
	android:name
		ADDED from AndroidManifest.xml:93:13
activity#com.hi.module.register_login.ui.PasswordSetActivity
ADDED from AndroidManifest.xml:97:9
	android:windowSoftInputMode
		ADDED from AndroidManifest.xml:100:13
	android:screenOrientation
		ADDED from AndroidManifest.xml:99:13
	android:name
		ADDED from AndroidManifest.xml:98:13
activity#com.hi.module.register_login.ui.PhoneLoginActivity
ADDED from AndroidManifest.xml:102:9
	android:windowSoftInputMode
		ADDED from AndroidManifest.xml:105:13
	android:screenOrientation
		ADDED from AndroidManifest.xml:104:13
	android:name
		ADDED from AndroidManifest.xml:103:13
activity#com.hi.module.global.AboutUsPage
ADDED from AndroidManifest.xml:108:9
	android:name
		ADDED from AndroidManifest.xml:108:19
activity#com.hi.module.global.AppNotePage
ADDED from AndroidManifest.xml:110:9
	android:name
		ADDED from AndroidManifest.xml:110:19
activity#com.hi.module.global.ProtocolPage
ADDED from AndroidManifest.xml:112:9
	android:name
		ADDED from AndroidManifest.xml:112:19
activity#com.hi.module.locale.ui.local.LocalSettingActivity
ADDED from AndroidManifest.xml:115:9
	android:windowSoftInputMode
		ADDED from AndroidManifest.xml:117:13
	android:name
		ADDED from AndroidManifest.xml:116:13
activity#com.hi.module.locale.ui.LocalFragmentActivity
ADDED from AndroidManifest.xml:119:9
	android:name
		ADDED from AndroidManifest.xml:119:19
activity#com.hi.module.locale.ui.UserDetailFragmentActivity
ADDED from AndroidManifest.xml:121:9
	android:name
		ADDED from AndroidManifest.xml:121:19
activity#com.hi.module.locale.ui.leavenote.ImgSelectDialog
ADDED from AndroidManifest.xml:123:9
	android:theme
		ADDED from AndroidManifest.xml:125:13
	android:name
		ADDED from AndroidManifest.xml:124:13
activity#com.hi.module.base.img.ImageAlbumList
ADDED from AndroidManifest.xml:127:9
	android:name
		ADDED from AndroidManifest.xml:127:19
activity#com.hi.module.base.img.ImageCollectionPage
ADDED from AndroidManifest.xml:129:9
	android:name
		ADDED from AndroidManifest.xml:129:19
activity#com.hi.module.base.img.ImageTotalPage
ADDED from AndroidManifest.xml:131:9
	android:name
		ADDED from AndroidManifest.xml:131:19
activity#com.hi.module.base.img.ImageSelectPage
ADDED from AndroidManifest.xml:133:9
	android:name
		ADDED from AndroidManifest.xml:133:19
activity#com.hi.module.base.img.ImageViewPage
ADDED from AndroidManifest.xml:135:9
	android:name
		ADDED from AndroidManifest.xml:135:19
activity#com.hi.module.locale.ui.leavenote.LeaveNoteEditActivity
ADDED from AndroidManifest.xml:137:9
	android:windowSoftInputMode
		ADDED from AndroidManifest.xml:141:13
	android:screenOrientation
		ADDED from AndroidManifest.xml:139:13
	android:theme
		ADDED from AndroidManifest.xml:140:13
	android:name
		ADDED from AndroidManifest.xml:138:13
activity#com.hi.view.scaleImg.DragImgShowActivity
ADDED from AndroidManifest.xml:143:9
	android:theme
		ADDED from AndroidManifest.xml:145:13
	android:name
		ADDED from AndroidManifest.xml:144:13
activity#com.hi.module.locale.ui.leavenote.LeaveNotePraisePage
ADDED from AndroidManifest.xml:147:9
	android:name
		ADDED from AndroidManifest.xml:147:19
activity#com.hi.module.msg.ui.MsgActivity
ADDED from AndroidManifest.xml:150:9
	android:name
		ADDED from AndroidManifest.xml:150:19
activity#com.hi.module.msg.ui.MsgDetailActivity
ADDED from AndroidManifest.xml:152:9
	android:theme
		ADDED from AndroidManifest.xml:154:13
	android:name
		ADDED from AndroidManifest.xml:153:13
receiver#com.hi.receiver.AvosPushReceiver
ADDED from AndroidManifest.xml:157:9
	android:name
		ADDED from AndroidManifest.xml:157:19
intent-filter#MeiMei+android.net.conn.CONNECTIVITY_CHANGE
ADDED from AndroidManifest.xml:158:13
action#android.net.conn.CONNECTIVITY_CHANGE
ADDED from AndroidManifest.xml:159:17
	android:name
		ADDED from AndroidManifest.xml:159:25
action#MeiMei
ADDED from AndroidManifest.xml:160:17
	android:name
		ADDED from AndroidManifest.xml:160:25
receiver#com.hi.receiver.IMessageReceiver
ADDED from AndroidManifest.xml:163:9
	android:name
		ADDED from AndroidManifest.xml:163:19
intent-filter#android.intent.action.BOOT_COMPLETED+com.avoscloud.session.action
ADDED from AndroidManifest.xml:164:13
action#android.intent.action.BOOT_COMPLETED
ADDED from AndroidManifest.xml:165:17
	android:name
		ADDED from AndroidManifest.xml:165:25
action#com.avoscloud.session.action
ADDED from AndroidManifest.xml:166:17
	android:name
		ADDED from AndroidManifest.xml:166:25
activity#com.hi.module.friend.ui.LocalFriendsActivity
ADDED from AndroidManifest.xml:170:9
	android:name
		ADDED from AndroidManifest.xml:170:19
activity#com.hi.module.friend.ui.ContactsPage
ADDED from AndroidManifest.xml:172:9
	android:name
		ADDED from AndroidManifest.xml:172:19
activity#com.hi.module.friend.ui.SearchPage_Friends
ADDED from AndroidManifest.xml:174:9
	android:windowSoftInputMode
		ADDED from AndroidManifest.xml:178:13
	android:screenOrientation
		ADDED from AndroidManifest.xml:176:13
	android:theme
		ADDED from AndroidManifest.xml:177:13
	android:name
		ADDED from AndroidManifest.xml:175:13
activity#com.hi.module.base.application.ShareUnitDialog
ADDED from AndroidManifest.xml:182:9
	android:name
		ADDED from AndroidManifest.xml:182:19
activity#com.hi.module.self.ui.MyselfActivity
ADDED from AndroidManifest.xml:185:9
	android:name
		ADDED from AndroidManifest.xml:185:19
activity#com.hi.module.self.ui.SetGenderDialog
ADDED from AndroidManifest.xml:187:9
	android:theme
		ADDED from AndroidManifest.xml:189:13
	android:name
		ADDED from AndroidManifest.xml:188:13
activity#com.hi.module.self.ui.IfoEditPage
ADDED from AndroidManifest.xml:191:9
	android:windowSoftInputMode
		ADDED from AndroidManifest.xml:194:13
	android:screenOrientation
		ADDED from AndroidManifest.xml:193:13
	android:name
		ADDED from AndroidManifest.xml:192:13
activity#com.hi.module.self.ui.ImgSetDialog
ADDED from AndroidManifest.xml:196:9
	android:theme
		ADDED from AndroidManifest.xml:198:13
	android:name
		ADDED from AndroidManifest.xml:197:13
activity#com.hi.module.self.ui.ImgWallSettingActivity
ADDED from AndroidManifest.xml:200:9
	android:name
		ADDED from AndroidManifest.xml:200:19
activity#com.hi.module.self.ui.SelfBirthdayDialog
ADDED from AndroidManifest.xml:202:9
	android:theme
		ADDED from AndroidManifest.xml:204:13
	android:name
		ADDED from AndroidManifest.xml:203:13
activity#com.hi.module.self.ui.IfoSetListPage
ADDED from AndroidManifest.xml:206:9
	android:windowSoftInputMode
		ADDED from AndroidManifest.xml:208:13
	android:name
		ADDED from AndroidManifest.xml:207:13
activity#com.hi.module.self.ui.ImgClipPage
ADDED from AndroidManifest.xml:210:9
	android:name
		ADDED from AndroidManifest.xml:210:19
activity#com.hi.module.store.ui.ShopActivity
ADDED from AndroidManifest.xml:212:9
	android:name
		ADDED from AndroidManifest.xml:212:19
activity#com.hi.module.store.ui.ShopDetailActivity
ADDED from AndroidManifest.xml:214:9
	android:name
		ADDED from AndroidManifest.xml:214:19
activity#com.hi.module.store.ui.StorePrivilegePage
ADDED from AndroidManifest.xml:216:9
	android:name
		ADDED from AndroidManifest.xml:216:19
activity#com.hi.module.store.ui.MyPrivilegeDetailPage
ADDED from AndroidManifest.xml:218:9
	android:name
		ADDED from AndroidManifest.xml:218:19
activity#com.hi.module.store.ui.MyStorePrivilegePage
ADDED from AndroidManifest.xml:220:9
	android:name
		ADDED from AndroidManifest.xml:220:19
activity#com.hi.module.store.ui.StoreIntroducePage
ADDED from AndroidManifest.xml:222:9
	android:name
		ADDED from AndroidManifest.xml:222:19
activity#com.hi.module.store.ui.MyPrivilegeActivity
ADDED from AndroidManifest.xml:224:9
	android:name
		ADDED from AndroidManifest.xml:224:19
activity#com.hi.module.store.ui.StorePrivilegeDetailPage
ADDED from AndroidManifest.xml:226:9
	android:name
		ADDED from AndroidManifest.xml:226:19
activity#com.hi.module.store.ui.LeaveNotePage
ADDED from AndroidManifest.xml:228:9
	android:name
		ADDED from AndroidManifest.xml:228:19
service#com.hi.service.ContactsUploadService
ADDED from AndroidManifest.xml:231:9
	android:name
		ADDED from AndroidManifest.xml:231:18
service#com.hi.service.sync.SyncMsgService
ADDED from AndroidManifest.xml:233:9
	android:name
		ADDED from AndroidManifest.xml:233:18
service#com.hi.service.LocalWifiSignService
ADDED from AndroidManifest.xml:235:9
	android:name
		ADDED from AndroidManifest.xml:235:18
service#com.hi.service.LocalWifiCheckService
ADDED from AndroidManifest.xml:237:9
	android:name
		ADDED from AndroidManifest.xml:237:18
service#com.hi.service.sync.SyncInfoService
ADDED from AndroidManifest.xml:239:9
	android:name
		ADDED from AndroidManifest.xml:239:18
service#com.hi.service.sync.SyncMyfreinds
ADDED from AndroidManifest.xml:241:9
	android:name
		ADDED from AndroidManifest.xml:241:18
service#com.hi.service.db.DBSync_Msg
ADDED from AndroidManifest.xml:243:9
	android:name
		ADDED from AndroidManifest.xml:243:18
service#com.hi.service.sync.SyncConpousService
ADDED from AndroidManifest.xml:245:9
	android:name
		ADDED from AndroidManifest.xml:245:18
activity#cn.sharesdk.framework.ShareSDKUIShell
ADDED from AndroidManifest.xml:260:9
	android:windowSoftInputMode
		ADDED from AndroidManifest.xml:264:13
	android:configChanges
		ADDED from AndroidManifest.xml:262:13
	android:theme
		ADDED from AndroidManifest.xml:263:13
	android:name
		ADDED from AndroidManifest.xml:261:13
service#com.avos.avoscloud.PushService
ADDED from AndroidManifest.xml:267:9
	android:name
		ADDED from AndroidManifest.xml:267:18
receiver#com.avos.avoscloud.AVBroadcastReceiver
ADDED from AndroidManifest.xml:269:9
	android:name
		ADDED from AndroidManifest.xml:269:19
intent-filter#android.intent.action.BOOT_COMPLETED+android.intent.action.USER_PRESENT
ADDED from AndroidManifest.xml:270:13
action#android.intent.action.USER_PRESENT
ADDED from AndroidManifest.xml:272:17
	android:name
		ADDED from AndroidManifest.xml:272:25
receiver#com.avos.avoscloud.AVDefaultNotificationReceiver
ADDED from AndroidManifest.xml:275:9
	android:name
		ADDED from AndroidManifest.xml:275:19
intent-filter#android.intent.action.BOOT_COMPLETED+android.intent.action.USER_PRESENT+android.net.conn.CONNECTIVITY_CHANGE+com.avos.UPDATE_STATUS
ADDED from AndroidManifest.xml:276:13
action#com.avos.UPDATE_STATUS
ADDED from AndroidManifest.xml:280:17
	android:name
		ADDED from AndroidManifest.xml:280:25
receiver#com.hi.receiver.ActionStartReceiver
ADDED from AndroidManifest.xml:285:9
	android:name
		ADDED from AndroidManifest.xml:285:19
intent-filter#android.intent.action.BOOT_COMPLETED+android.intent.category.HOME
ADDED from AndroidManifest.xml:286:13
category#android.intent.category.HOME
ADDED from AndroidManifest.xml:289:17
	android:name
		ADDED from AndroidManifest.xml:289:27
activity#com.hi.module.self.ui.selfmodule.SelfModuleActivity
ADDED from AndroidManifest.xml:293:9
	android:label
		ADDED from AndroidManifest.xml:295:13
	android:name
		ADDED from AndroidManifest.xml:294:13
activity#com.hi.module.self.ui.selfSetting.SeflSetting
ADDED from AndroidManifest.xml:297:9
	android:label
		ADDED from AndroidManifest.xml:299:13
	android:name
		ADDED from AndroidManifest.xml:298:13
service#com.baidu.location.f
ADDED from AndroidManifest.xml:303:9
	android:process
		ADDED from AndroidManifest.xml:306:13
	android:enabled
		ADDED from AndroidManifest.xml:305:13
	android:name
		ADDED from AndroidManifest.xml:304:13
intent-filter#com.baidu.location.service_v2.2
ADDED from AndroidManifest.xml:307:13
action#com.baidu.location.service_v2.2
ADDED from AndroidManifest.xml:308:17
	android:name
		ADDED from AndroidManifest.xml:308:25
meta-data#com.baidu.lbsapi.API_KEY
ADDED from AndroidManifest.xml:313:9
	android:name
		ADDED from AndroidManifest.xml:314:13
	android:value
		ADDED from AndroidManifest.xml:315:13
activity#com.android.ruifeng.hi.TestActivity
ADDED from AndroidManifest.xml:317:9
	android:label
		ADDED from AndroidManifest.xml:319:13
	android:name
		ADDED from AndroidManifest.xml:318:13
activity#com.hi.module.store.ui.NearbyImgsActivity
ADDED from AndroidManifest.xml:328:9
	android:label
		ADDED from AndroidManifest.xml:330:13
	android:name
		ADDED from AndroidManifest.xml:329:13
activity#com.hi.module.locale.ui.WifiRegiPage
ADDED from AndroidManifest.xml:332:9
	android:label
		ADDED from AndroidManifest.xml:334:13
	android:name
		ADDED from AndroidManifest.xml:333:13